<?xml version="1.0" encoding="UTF-8"?>
<testng-results skipped="0" failed="0" total="2" passed="2">
  <reporter-output>
  </reporter-output>
  <suite name="EtiamHomePageTesting" duration-ms="1200" started-at="2015-06-15T07:31:30Z" finished-at="2015-06-15T07:31:32Z">
    <groups>
    </groups>
    <test name="TitleTest" duration-ms="1200" started-at="2015-06-15T07:31:30Z" finished-at="2015-06-15T07:31:32Z">
      <class name="com.etiam.testcase.Header_title">
        <test-method status="PASS" signature="init()[pri:0, instance:com.etiam.testcase.Header_title@2a5b68ea]" name="init" is-config="true" duration-ms="10303" started-at="2015-06-15T09:31:20Z" finished-at="2015-06-15T09:31:30Z">
          <reporter-output>
          </reporter-output>
        </test-method> <!-- init -->
        <test-method status="PASS" signature="test_Logo()[pri:0, instance:com.etiam.testcase.Header_title@2a5b68ea]" name="test_Logo" duration-ms="680" started-at="2015-06-15T09:31:30Z" finished-at="2015-06-15T09:31:31Z">
          <reporter-output>
          </reporter-output>
        </test-method> <!-- test_Logo -->
        <test-method status="PASS" signature="test_Title()[pri:0, instance:com.etiam.testcase.Header_title@2a5b68ea]" name="test_Title" duration-ms="512" started-at="2015-06-15T09:31:31Z" finished-at="2015-06-15T09:31:32Z">
          <reporter-output>
          </reporter-output>
        </test-method> <!-- test_Title -->
        <test-method status="PASS" signature="suitClose()[pri:0, instance:com.etiam.testcase.Header_title@2a5b68ea]" name="suitClose" is-config="true" duration-ms="1777" started-at="2015-06-15T09:31:32Z" finished-at="2015-06-15T09:31:33Z">
          <reporter-output>
          </reporter-output>
        </test-method> <!-- suitClose -->
      </class> <!-- com.etiam.testcase.Header_title -->
    </test> <!-- TitleTest -->
  </suite> <!-- EtiamHomePageTesting -->
</testng-results>
